<?xml version="1.0" encoding="UTF-8"?>
<!-- Generated by org.testng.reporters.JUnitReportReporter -->
<testsuite hostname="Harikrishna" failures="0" tests="1" name="cucumberoptions.TestNGTestRunner" time="5.681" errors="0" timestamp="2024-12-29T12:16:21 IST" skipped="0">
  <testcase classname="cucumberoptions.TestNGTestRunner" name="runScenario" time="5.681"/>
  <system-out/>
</testsuite> <!-- cucumberoptions.TestNGTestRunner -->
