<?xml version="1.0" encoding="UTF-8"?>
<!-- Generated by org.testng.reporters.JUnitReportReporter -->
<testsuite hostname="Harikrishna" failures="0" tests="5" name="cucumberoptions.TestNGTestRunner" time="25.675" errors="0" timestamp="2024-12-29T12:42:41 IST" skipped="0">
  <testcase classname="cucumberoptions.TestNGTestRunner" name="runScenario" time="4.236"/>
  <system-out/>
  <testcase classname="cucumberoptions.TestNGTestRunner" name="runScenario" time="6.949"/>
  <system-out/>
  <testcase classname="cucumberoptions.TestNGTestRunner" name="runScenario" time="5.552"/>
  <system-out/>
  <testcase classname="cucumberoptions.TestNGTestRunner" name="runScenario" time="4.313"/>
  <system-out/>
  <testcase classname="cucumberoptions.TestNGTestRunner" name="runScenario" time="4.625"/>
  <system-out/>
</testsuite> <!-- cucumberoptions.TestNGTestRunner -->
